This is pdfTeX, Version 3.14159265-2.6-1.40.16 (TeX Live 2015/Debian) (preloaded format=pdflatex 2016.8.8)  27 JUL 2017 16:11
entering extended mode
 restricted \write18 enabled.
 %&-line parsing enabled.
**Lanphere_GxE.tex
(./Lanphere_GxE.tex
LaTeX2e <2016/02/01>
Babel <3.9q> and hyphenation patterns for 81 language(s) loaded.
(/usr/share/texlive/texmf-dist/tex/latex/base/article.cls
Document Class: article 2014/09/29 v1.4h Standard LaTeX document class
(/usr/share/texlive/texmf-dist/tex/latex/base/size11.clo
File: size11.clo 2014/09/29 v1.4h Standard LaTeX file (size option)
)
\c@part=\count79
\c@section=\count80
\c@subsection=\count81
\c@subsubsection=\count82
\c@paragraph=\count83
\c@subparagraph=\count84
\c@figure=\count85
\c@table=\count86
\abovecaptionskip=\skip41
\belowcaptionskip=\skip42
\bibindent=\dimen102
)
(/usr/share/texlive/texmf-dist/tex/latex/psnfss/mathpazo.sty
Package: mathpazo 2005/04/12 PSNFSS-v9.2a Palatino w/ Pazo Math (D.Puga, WaS) 
\symupright=\mathgroup4
)
(/usr/share/texlive/texmf-dist/tex/latex/preprint/fullpage.sty
Package: fullpage 1999/02/23 1.1 (PWD)
\FP@margin=\skip43
)
(/usr/share/texlive/texmf-dist/tex/latex/natbib/natbib.sty
Package: natbib 2010/09/13 8.31b (PWD, AO)
\bibhang=\skip44
\bibsep=\skip45
LaTeX Info: Redefining \cite on input line 694.
\c@NAT@ctr=\count87
)
(/usr/share/texlive/texmf-dist/tex/latex/base/inputenc.sty
Package: inputenc 2015/03/17 v1.2c Input encoding file
\inpenc@prehook=\toks14
\inpenc@posthook=\toks15

(/usr/share/texlive/texmf-dist/tex/latex/base/utf8.def
File: utf8.def 2015/12/03 v1.1r UTF-8 support for inputenc
Now handling font encoding OML ...
... no UTF-8 mapping file for font encoding OML
Now handling font encoding T1 ...
... processing UTF-8 mapping file for font encoding T1

(/usr/share/texlive/texmf-dist/tex/latex/base/t1enc.dfu
File: t1enc.dfu 2015/12/03 v1.1r UTF-8 support for inputenc
   defining Unicode char U+00A0 (decimal 160)
   defining Unicode char U+00A1 (decimal 161)
   defining Unicode char U+00A3 (decimal 163)
   defining Unicode char U+00AB (decimal 171)
   defining Unicode char U+00AD (decimal 173)
   defining Unicode char U+00BB (decimal 187)
   defining Unicode char U+00BF (decimal 191)
   defining Unicode char U+00C0 (decimal 192)
   defining Unicode char U+00C1 (decimal 193)
   defining Unicode char U+00C2 (decimal 194)
   defining Unicode char U+00C3 (decimal 195)
   defining Unicode char U+00C4 (decimal 196)
   defining Unicode char U+00C5 (decimal 197)
   defining Unicode char U+00C6 (decimal 198)
   defining Unicode char U+00C7 (decimal 199)
   defining Unicode char U+00C8 (decimal 200)
   defining Unicode char U+00C9 (decimal 201)
   defining Unicode char U+00CA (decimal 202)
   defining Unicode char U+00CB (decimal 203)
   defining Unicode char U+00CC (decimal 204)
   defining Unicode char U+00CD (decimal 205)
   defining Unicode char U+00CE (decimal 206)
   defining Unicode char U+00CF (decimal 207)
   defining Unicode char U+00D0 (decimal 208)
   defining Unicode char U+00D1 (decimal 209)
   defining Unicode char U+00D2 (decimal 210)
   defining Unicode char U+00D3 (decimal 211)
   defining Unicode char U+00D4 (decimal 212)
   defining Unicode char U+00D5 (decimal 213)
   defining Unicode char U+00D6 (decimal 214)
   defining Unicode char U+00D8 (decimal 216)
   defining Unicode char U+00D9 (decimal 217)
   defining Unicode char U+00DA (decimal 218)
   defining Unicode char U+00DB (decimal 219)
   defining Unicode char U+00DC (decimal 220)
   defining Unicode char U+00DD (decimal 221)
   defining Unicode char U+00DE (decimal 222)
   defining Unicode char U+00DF (decimal 223)
   defining Unicode char U+00E0 (decimal 224)
   defining Unicode char U+00E1 (decimal 225)
   defining Unicode char U+00E2 (decimal 226)
   defining Unicode char U+00E3 (decimal 227)
   defining Unicode char U+00E4 (decimal 228)
   defining Unicode char U+00E5 (decimal 229)
   defining Unicode char U+00E6 (decimal 230)
   defining Unicode char U+00E7 (decimal 231)
   defining Unicode char U+00E8 (decimal 232)
   defining Unicode char U+00E9 (decimal 233)
   defining Unicode char U+00EA (decimal 234)
   defining Unicode char U+00EB (decimal 235)
   defining Unicode char U+00EC (decimal 236)
   defining Unicode char U+00ED (decimal 237)
   defining Unicode char U+00EE (decimal 238)
   defining Unicode char U+00EF (decimal 239)
   defining Unicode char U+00F0 (decimal 240)
   defining Unicode char U+00F1 (decimal 241)
   defining Unicode char U+00F2 (decimal 242)
   defining Unicode char U+00F3 (decimal 243)
   defining Unicode char U+00F4 (decimal 244)
   defining Unicode char U+00F5 (decimal 245)
   defining Unicode char U+00F6 (decimal 246)
   defining Unicode char U+00F8 (decimal 248)
   defining Unicode char U+00F9 (decimal 249)
   defining Unicode char U+00FA (decimal 250)
   defining Unicode char U+00FB (decimal 251)
   defining Unicode char U+00FC (decimal 252)
   defining Unicode char U+00FD (decimal 253)
   defining Unicode char U+00FE (decimal 254)
   defining Unicode char U+00FF (decimal 255)
   defining Unicode char U+0100 (decimal 256)
   defining Unicode char U+0101 (decimal 257)
   defining Unicode char U+0102 (decimal 258)
   defining Unicode char U+0103 (decimal 259)
   defining Unicode char U+0104 (decimal 260)
   defining Unicode char U+0105 (decimal 261)
   defining Unicode char U+0106 (decimal 262)
   defining Unicode char U+0107 (decimal 263)
   defining Unicode char U+0108 (decimal 264)
   defining Unicode char U+0109 (decimal 265)
   defining Unicode char U+010A (decimal 266)
   defining Unicode char U+010B (decimal 267)
   defining Unicode char U+010C (decimal 268)
   defining Unicode char U+010D (decimal 269)
   defining Unicode char U+010E (decimal 270)
   defining Unicode char U+010F (decimal 271)
   defining Unicode char U+0110 (decimal 272)
   defining Unicode char U+0111 (decimal 273)
   defining Unicode char U+0112 (decimal 274)
   defining Unicode char U+0113 (decimal 275)
   defining Unicode char U+0114 (decimal 276)
   defining Unicode char U+0115 (decimal 277)
   defining Unicode char U+0116 (decimal 278)
   defining Unicode char U+0117 (decimal 279)
   defining Unicode char U+0118 (decimal 280)
   defining Unicode char U+0119 (decimal 281)
   defining Unicode char U+011A (decimal 282)
   defining Unicode char U+011B (decimal 283)
   defining Unicode char U+011C (decimal 284)
   defining Unicode char U+011D (decimal 285)
   defining Unicode char U+011E (decimal 286)
   defining Unicode char U+011F (decimal 287)
   defining Unicode char U+0120 (decimal 288)
   defining Unicode char U+0121 (decimal 289)
   defining Unicode char U+0122 (decimal 290)
   defining Unicode char U+0123 (decimal 291)
   defining Unicode char U+0124 (decimal 292)
   defining Unicode char U+0125 (decimal 293)
   defining Unicode char U+0128 (decimal 296)
   defining Unicode char U+0129 (decimal 297)
   defining Unicode char U+012A (decimal 298)
   defining Unicode char U+012B (decimal 299)
   defining Unicode char U+012C (decimal 300)
   defining Unicode char U+012D (decimal 301)
   defining Unicode char U+012E (decimal 302)
   defining Unicode char U+012F (decimal 303)
   defining Unicode char U+0130 (decimal 304)
   defining Unicode char U+0131 (decimal 305)
   defining Unicode char U+0132 (decimal 306)
   defining Unicode char U+0133 (decimal 307)
   defining Unicode char U+0134 (decimal 308)
   defining Unicode char U+0135 (decimal 309)
   defining Unicode char U+0136 (decimal 310)
   defining Unicode char U+0137 (decimal 311)
   defining Unicode char U+0139 (decimal 313)
   defining Unicode char U+013A (decimal 314)
   defining Unicode char U+013B (decimal 315)
   defining Unicode char U+013C (decimal 316)
   defining Unicode char U+013D (decimal 317)
   defining Unicode char U+013E (decimal 318)
   defining Unicode char U+0141 (decimal 321)
   defining Unicode char U+0142 (decimal 322)
   defining Unicode char U+0143 (decimal 323)
   defining Unicode char U+0144 (decimal 324)
   defining Unicode char U+0145 (decimal 325)
   defining Unicode char U+0146 (decimal 326)
   defining Unicode char U+0147 (decimal 327)
   defining Unicode char U+0148 (decimal 328)
   defining Unicode char U+014A (decimal 330)
   defining Unicode char U+014B (decimal 331)
   defining Unicode char U+014C (decimal 332)
   defining Unicode char U+014D (decimal 333)
   defining Unicode char U+014E (decimal 334)
   defining Unicode char U+014F (decimal 335)
   defining Unicode char U+0150 (decimal 336)
   defining Unicode char U+0151 (decimal 337)
   defining Unicode char U+0152 (decimal 338)
   defining Unicode char U+0153 (decimal 339)
   defining Unicode char U+0154 (decimal 340)
   defining Unicode char U+0155 (decimal 341)
   defining Unicode char U+0156 (decimal 342)
   defining Unicode char U+0157 (decimal 343)
   defining Unicode char U+0158 (decimal 344)
   defining Unicode char U+0159 (decimal 345)
   defining Unicode char U+015A (decimal 346)
   defining Unicode char U+015B (decimal 347)
   defining Unicode char U+015C (decimal 348)
   defining Unicode char U+015D (decimal 349)
   defining Unicode char U+015E (decimal 350)
   defining Unicode char U+015F (decimal 351)
   defining Unicode char U+0160 (decimal 352)
   defining Unicode char U+0161 (decimal 353)
   defining Unicode char U+0162 (decimal 354)
   defining Unicode char U+0163 (decimal 355)
   defining Unicode char U+0164 (decimal 356)
   defining Unicode char U+0165 (decimal 357)
   defining Unicode char U+0168 (decimal 360)
   defining Unicode char U+0169 (decimal 361)
   defining Unicode char U+016A (decimal 362)
   defining Unicode char U+016B (decimal 363)
   defining Unicode char U+016C (decimal 364)
   defining Unicode char U+016D (decimal 365)
   defining Unicode char U+016E (decimal 366)
   defining Unicode char U+016F (decimal 367)
   defining Unicode char U+0170 (decimal 368)
   defining Unicode char U+0171 (decimal 369)
   defining Unicode char U+0172 (decimal 370)
   defining Unicode char U+0173 (decimal 371)
   defining Unicode char U+0174 (decimal 372)
   defining Unicode char U+0175 (decimal 373)
   defining Unicode char U+0176 (decimal 374)
   defining Unicode char U+0177 (decimal 375)
   defining Unicode char U+0178 (decimal 376)
   defining Unicode char U+0179 (decimal 377)
   defining Unicode char U+017A (decimal 378)
   defining Unicode char U+017B (decimal 379)
   defining Unicode char U+017C (decimal 380)
   defining Unicode char U+017D (decimal 381)
   defining Unicode char U+017E (decimal 382)
   defining Unicode char U+01CD (decimal 461)
   defining Unicode char U+01CE (decimal 462)
   defining Unicode char U+01CF (decimal 463)
   defining Unicode char U+01D0 (decimal 464)
   defining Unicode char U+01D1 (decimal 465)
   defining Unicode char U+01D2 (decimal 466)
   defining Unicode char U+01D3 (decimal 467)
   defining Unicode char U+01D4 (decimal 468)
   defining Unicode char U+01E2 (decimal 482)
   defining Unicode char U+01E3 (decimal 483)
   defining Unicode char U+01E6 (decimal 486)
   defining Unicode char U+01E7 (decimal 487)
   defining Unicode char U+01E8 (decimal 488)
   defining Unicode char U+01E9 (decimal 489)
   defining Unicode char U+01EA (decimal 490)
   defining Unicode char U+01EB (decimal 491)
   defining Unicode char U+01F0 (decimal 496)
   defining Unicode char U+01F4 (decimal 500)
   defining Unicode char U+01F5 (decimal 501)
   defining Unicode char U+0218 (decimal 536)
   defining Unicode char U+0219 (decimal 537)
   defining Unicode char U+021A (decimal 538)
   defining Unicode char U+021B (decimal 539)
   defining Unicode char U+01E02 (decimal 7682)
   defining Unicode char U+01E03 (decimal 7683)
   defining Unicode char U+200C (decimal 8204)
   defining Unicode char U+2013 (decimal 8211)
   defining Unicode char U+2014 (decimal 8212)
   defining Unicode char U+2018 (decimal 8216)
   defining Unicode char U+2019 (decimal 8217)
   defining Unicode char U+201A (decimal 8218)
   defining Unicode char U+201C (decimal 8220)
   defining Unicode char U+201D (decimal 8221)
   defining Unicode char U+201E (decimal 8222)
   defining Unicode char U+2030 (decimal 8240)
   defining Unicode char U+2031 (decimal 8241)
   defining Unicode char U+2039 (decimal 8249)
   defining Unicode char U+203A (decimal 8250)
   defining Unicode char U+2423 (decimal 9251)
)
Now handling font encoding OT1 ...
... processing UTF-8 mapping file for font encoding OT1

(/usr/share/texlive/texmf-dist/tex/latex/base/ot1enc.dfu
File: ot1enc.dfu 2015/12/03 v1.1r UTF-8 support for inputenc
   defining Unicode char U+00A0 (decimal 160)
   defining Unicode char U+00A1 (decimal 161)
   defining Unicode char U+00A3 (decimal 163)
   defining Unicode char U+00AD (decimal 173)
   defining Unicode char U+00B8 (decimal 184)
   defining Unicode char U+00BF (decimal 191)
   defining Unicode char U+00C5 (decimal 197)
   defining Unicode char U+00C6 (decimal 198)
   defining Unicode char U+00D8 (decimal 216)
   defining Unicode char U+00DF (decimal 223)
   defining Unicode char U+00E6 (decimal 230)
   defining Unicode char U+00EC (decimal 236)
   defining Unicode char U+00ED (decimal 237)
   defining Unicode char U+00EE (decimal 238)
   defining Unicode char U+00EF (decimal 239)
   defining Unicode char U+00F8 (decimal 248)
   defining Unicode char U+0131 (decimal 305)
   defining Unicode char U+0141 (decimal 321)
   defining Unicode char U+0142 (decimal 322)
   defining Unicode char U+0152 (decimal 338)
   defining Unicode char U+0153 (decimal 339)
   defining Unicode char U+0174 (decimal 372)
   defining Unicode char U+0175 (decimal 373)
   defining Unicode char U+0176 (decimal 374)
   defining Unicode char U+0177 (decimal 375)
   defining Unicode char U+0218 (decimal 536)
   defining Unicode char U+0219 (decimal 537)
   defining Unicode char U+021A (decimal 538)
   defining Unicode char U+021B (decimal 539)
   defining Unicode char U+2013 (decimal 8211)
   defining Unicode char U+2014 (decimal 8212)
   defining Unicode char U+2018 (decimal 8216)
   defining Unicode char U+2019 (decimal 8217)
   defining Unicode char U+201C (decimal 8220)
   defining Unicode char U+201D (decimal 8221)
)
Now handling font encoding OMS ...
... processing UTF-8 mapping file for font encoding OMS

(/usr/share/texlive/texmf-dist/tex/latex/base/omsenc.dfu
File: omsenc.dfu 2015/12/03 v1.1r UTF-8 support for inputenc
   defining Unicode char U+00A7 (decimal 167)
   defining Unicode char U+00B6 (decimal 182)
   defining Unicode char U+00B7 (decimal 183)
   defining Unicode char U+2020 (decimal 8224)
   defining Unicode char U+2021 (decimal 8225)
   defining Unicode char U+2022 (decimal 8226)
)
Now handling font encoding OMX ...
... no UTF-8 mapping file for font encoding OMX
Now handling font encoding U ...
... no UTF-8 mapping file for font encoding U
   defining Unicode char U+00A9 (decimal 169)
   defining Unicode char U+00AA (decimal 170)
   defining Unicode char U+00AE (decimal 174)
   defining Unicode char U+00BA (decimal 186)
   defining Unicode char U+02C6 (decimal 710)
   defining Unicode char U+02DC (decimal 732)
   defining Unicode char U+200C (decimal 8204)
   defining Unicode char U+2026 (decimal 8230)
   defining Unicode char U+2122 (decimal 8482)
   defining Unicode char U+2423 (decimal 9251)
))
(/usr/share/texlive/texmf-dist/tex/latex/lineno/lineno.sty
Package: lineno 2005/11/02 line numbers on paragraphs v4.41
\linenopenalty=\count88
\output=\toks16
\linenoprevgraf=\count89
\linenumbersep=\dimen103
\linenumberwidth=\dimen104
\c@linenumber=\count90
\c@pagewiselinenumber=\count91
\c@LN@truepage=\count92
\c@internallinenumber=\count93
\c@internallinenumbers=\count94
\quotelinenumbersep=\dimen105
\bframerule=\dimen106
\bframesep=\dimen107
\bframebox=\box26
LaTeX Info: Redefining \\ on input line 3056.
)
(/usr/share/texlive/texmf-dist/tex/latex/was/gensymb.sty
Package: gensymb 2003/07/02 v1.0 (WaS)
)
(/usr/share/texlive/texmf-dist/tex/latex/booktabs/booktabs.sty
Package: booktabs 2005/04/14 v1.61803 publication quality tables
\heavyrulewidth=\dimen108
\lightrulewidth=\dimen109
\cmidrulewidth=\dimen110
\belowrulesep=\dimen111
\belowbottomsep=\dimen112
\aboverulesep=\dimen113
\abovetopsep=\dimen114
\cmidrulesep=\dimen115
\cmidrulekern=\dimen116
\defaultaddspace=\dimen117
\@cmidla=\count95
\@cmidlb=\count96
\@aboverulesep=\dimen118
\@belowrulesep=\dimen119
\@thisruleclass=\count97
\@lastruleclass=\count98
\@thisrulewidth=\dimen120
)
(/usr/share/texlive/texmf-dist/tex/latex/multirow/multirow.sty
\bigstrutjot=\dimen121
)
(/usr/share/texlive/texmf-dist/tex/latex/graphics/graphicx.sty
Package: graphicx 2014/10/28 v1.0g Enhanced LaTeX Graphics (DPC,SPQR)

(/usr/share/texlive/texmf-dist/tex/latex/graphics/keyval.sty
Package: keyval 2014/10/28 v1.15 key=value parser (DPC)
\KV@toks@=\toks17
)
(/usr/share/texlive/texmf-dist/tex/latex/graphics/graphics.sty
Package: graphics 2016/01/03 v1.0q Standard LaTeX Graphics (DPC,SPQR)

(/usr/share/texlive/texmf-dist/tex/latex/graphics/trig.sty
Package: trig 2016/01/03 v1.10 sin cos tan (DPC)
)
(/usr/share/texlive/texmf-dist/tex/latex/latexconfig/graphics.cfg
File: graphics.cfg 2010/04/23 v1.9 graphics configuration of TeX Live
)
Package graphics Info: Driver file: pdftex.def on input line 95.

(/usr/share/texlive/texmf-dist/tex/latex/pdftex-def/pdftex.def
File: pdftex.def 2011/05/27 v0.06d Graphics/color for pdfTeX

(/usr/share/texlive/texmf-dist/tex/generic/oberdiek/infwarerr.sty
Package: infwarerr 2010/04/08 v1.3 Providing info/warning/error messages (HO)
)
(/usr/share/texlive/texmf-dist/tex/generic/oberdiek/ltxcmds.sty
Package: ltxcmds 2011/11/09 v1.22 LaTeX kernel commands for general use (HO)
)
\Gread@gobject=\count99
))
\Gin@req@height=\dimen122
\Gin@req@width=\dimen123
)
(/usr/share/texlive/texmf-dist/tex/latex/rotating/rotating.sty
Package: rotating 2009/03/28 v2.16a rotated objects in LaTeX

(/usr/share/texlive/texmf-dist/tex/latex/base/ifthen.sty
Package: ifthen 2014/09/29 v1.1c Standard LaTeX ifthen package (DPC)
)
\c@r@tfl@t=\count100
\rotFPtop=\skip46
\rotFPbot=\skip47
\rot@float@box=\box27
\rot@mess@toks=\toks18
)
(/usr/share/texlive/texmf-dist/tex/latex/hyperref/hyperref.sty
Package: hyperref 2012/11/06 v6.83m Hypertext links for LaTeX

(/usr/share/texlive/texmf-dist/tex/generic/oberdiek/hobsub-hyperref.sty
Package: hobsub-hyperref 2012/05/28 v1.13 Bundle oberdiek, subset hyperref (HO)


(/usr/share/texlive/texmf-dist/tex/generic/oberdiek/hobsub-generic.sty
Package: hobsub-generic 2012/05/28 v1.13 Bundle oberdiek, subset generic (HO)
Package: hobsub 2012/05/28 v1.13 Construct package bundles (HO)
Package hobsub Info: Skipping package `infwarerr' (already loaded).
Package hobsub Info: Skipping package `ltxcmds' (already loaded).
Package: ifluatex 2010/03/01 v1.3 Provides the ifluatex switch (HO)
Package ifluatex Info: LuaTeX not detected.
Package: ifvtex 2010/03/01 v1.5 Detect VTeX and its facilities (HO)
Package ifvtex Info: VTeX not detected.
Package: intcalc 2007/09/27 v1.1 Expandable calculations with integers (HO)
Package: ifpdf 2011/01/30 v2.3 Provides the ifpdf switch (HO)
Package ifpdf Info: pdfTeX in PDF mode is detected.
Package: etexcmds 2011/02/16 v1.5 Avoid name clashes with e-TeX commands (HO)
Package etexcmds Info: Could not find \expanded.
(etexcmds)             That can mean that you are not using pdfTeX 1.50 or
(etexcmds)             that some package has redefined \expanded.
(etexcmds)             In the latter case, load this package earlier.
Package: kvsetkeys 2012/04/25 v1.16 Key value parser (HO)
Package: kvdefinekeys 2011/04/07 v1.3 Define keys (HO)
Package: pdftexcmds 2011/11/29 v0.20 Utility functions of pdfTeX for LuaTeX (HO
)
Package pdftexcmds Info: LuaTeX not detected.
Package pdftexcmds Info: \pdf@primitive is available.
Package pdftexcmds Info: \pdf@ifprimitive is available.
Package pdftexcmds Info: \pdfdraftmode found.
Package: pdfescape 2011/11/25 v1.13 Implements pdfTeX's escape features (HO)
Package: bigintcalc 2012/04/08 v1.3 Expandable calculations on big integers (HO
)
Package: bitset 2011/01/30 v1.1 Handle bit-vector datatype (HO)
Package: uniquecounter 2011/01/30 v1.2 Provide unlimited unique counter (HO)
)
Package hobsub Info: Skipping package `hobsub' (already loaded).
Package: letltxmacro 2010/09/02 v1.4 Let assignment for LaTeX macros (HO)
Package: hopatch 2012/05/28 v1.2 Wrapper for package hooks (HO)
Package: xcolor-patch 2011/01/30 xcolor patch
Package: atveryend 2011/06/30 v1.8 Hooks at the very end of document (HO)
Package atveryend Info: \enddocument detected (standard20110627).
Package: atbegshi 2011/10/05 v1.16 At begin shipout hook (HO)
Package: refcount 2011/10/16 v3.4 Data extraction from label references (HO)
Package: hycolor 2011/01/30 v1.7 Color options for hyperref/bookmark (HO)
)
(/usr/share/texlive/texmf-dist/tex/generic/ifxetex/ifxetex.sty
Package: ifxetex 2010/09/12 v0.6 Provides ifxetex conditional
)
(/usr/share/texlive/texmf-dist/tex/latex/oberdiek/auxhook.sty
Package: auxhook 2011/03/04 v1.3 Hooks for auxiliary files (HO)
)
(/usr/share/texlive/texmf-dist/tex/latex/oberdiek/kvoptions.sty
Package: kvoptions 2011/06/30 v3.11 Key value format for package options (HO)
)
\@linkdim=\dimen124
\Hy@linkcounter=\count101
\Hy@pagecounter=\count102

(/usr/share/texlive/texmf-dist/tex/latex/hyperref/pd1enc.def
File: pd1enc.def 2012/11/06 v6.83m Hyperref: PDFDocEncoding definition (HO)
Now handling font encoding PD1 ...
... no UTF-8 mapping file for font encoding PD1
)
\Hy@SavedSpaceFactor=\count103

(/usr/share/texlive/texmf-dist/tex/latex/latexconfig/hyperref.cfg
File: hyperref.cfg 2002/06/06 v1.2 hyperref configuration of TeXLive
)
Package hyperref Info: Hyper figures OFF on input line 4443.
Package hyperref Info: Link nesting OFF on input line 4448.
Package hyperref Info: Hyper index ON on input line 4451.
Package hyperref Info: Plain pages OFF on input line 4458.
Package hyperref Info: Backreferencing OFF on input line 4463.
Package hyperref Info: Implicit mode ON; LaTeX internals redefined.
Package hyperref Info: Bookmarks ON on input line 4688.
\c@Hy@tempcnt=\count104

(/usr/share/texlive/texmf-dist/tex/latex/url/url.sty
\Urlmuskip=\muskip10
Package: url 2013/09/16  ver 3.4  Verb mode for urls, etc.
)
LaTeX Info: Redefining \url on input line 5041.
\XeTeXLinkMargin=\dimen125
\Fld@menulength=\count105
\Field@Width=\dimen126
\Fld@charsize=\dimen127
Package hyperref Info: Hyper figures OFF on input line 6295.
Package hyperref Info: Link nesting OFF on input line 6300.
Package hyperref Info: Hyper index ON on input line 6303.
Package hyperref Info: backreferencing OFF on input line 6310.
Package hyperref Info: Link coloring OFF on input line 6315.
Package hyperref Info: Link coloring with OCG OFF on input line 6320.
Package hyperref Info: PDF/A mode OFF on input line 6325.
LaTeX Info: Redefining \ref on input line 6365.
LaTeX Info: Redefining \pageref on input line 6369.
\Hy@abspage=\count106
\c@Item=\count107
\c@Hfootnote=\count108
)

Package hyperref Message: Driver (autodetected): hpdftex.

(/usr/share/texlive/texmf-dist/tex/latex/hyperref/hpdftex.def
File: hpdftex.def 2012/11/06 v6.83m Hyperref driver for pdfTeX
\Fld@listcount=\count109
\c@bookmark@seq@number=\count110

(/usr/share/texlive/texmf-dist/tex/latex/oberdiek/rerunfilecheck.sty
Package: rerunfilecheck 2011/04/15 v1.7 Rerun checks for auxiliary files (HO)
Package uniquecounter Info: New unique counter `rerunfilecheck' on input line 2
82.
)
\Hy@SectionHShift=\skip48
)
(/usr/share/texlive/texmf-dist/tex/latex/setspace/setspace.sty
Package: setspace 2011/12/19 v6.7a set line spacing
)
(./Lanphere_GxE.aux)
\openout1 = `Lanphere_GxE.aux'.

LaTeX Font Info:    Checking defaults for OML/cmm/m/it on input line 79.
LaTeX Font Info:    ... okay on input line 79.
LaTeX Font Info:    Checking defaults for T1/cmr/m/n on input line 79.
LaTeX Font Info:    ... okay on input line 79.
LaTeX Font Info:    Checking defaults for OT1/cmr/m/n on input line 79.
LaTeX Font Info:    ... okay on input line 79.
LaTeX Font Info:    Checking defaults for OMS/cmsy/m/n on input line 79.
LaTeX Font Info:    ... okay on input line 79.
LaTeX Font Info:    Checking defaults for OMX/cmex/m/n on input line 79.
LaTeX Font Info:    ... okay on input line 79.
LaTeX Font Info:    Checking defaults for U/cmr/m/n on input line 79.
LaTeX Font Info:    ... okay on input line 79.
LaTeX Font Info:    Checking defaults for PD1/pdf/m/n on input line 79.
LaTeX Font Info:    ... okay on input line 79.
LaTeX Font Info:    Try loading font information for OT1+pplx on input line 79.

 (/usr/share/texlive/texmf-dist/tex/latex/psnfss/ot1pplx.fd
File: ot1pplx.fd 2004/09/06 font definitions for OT1/pplx.
)
\big@size=\dimen128
LaTeX Info: Redefining \celsius on input line 79.
Package gensymb Info: Faking symbols for \degree and \celsius on input line 79.



Package gensymb Warning: Not defining \perthousand.

LaTeX Info: Redefining \ohm on input line 79.
Package gensymb Info: Using \upOmega for \ohm on input line 79.

Package gensymb Warning: Not defining \micro.

(/usr/share/texlive/texmf-dist/tex/context/base/supp-pdf.mkii
[Loading MPS to PDF converter (version 2006.09.02).]
\scratchcounter=\count111
\scratchdimen=\dimen129
\scratchbox=\box28
\nofMPsegments=\count112
\nofMParguments=\count113
\everyMPshowfont=\toks19
\MPscratchCnt=\count114
\MPscratchDim=\dimen130
\MPnumerator=\count115
\makeMPintoPDFobject=\count116
\everyMPtoPDFconversion=\toks20
) (/usr/share/texlive/texmf-dist/tex/latex/oberdiek/epstopdf-base.sty
Package: epstopdf-base 2010/02/09 v2.5 Base part for package epstopdf

(/usr/share/texlive/texmf-dist/tex/latex/oberdiek/grfext.sty
Package: grfext 2010/08/19 v1.1 Manage graphics extensions (HO)
)
Package grfext Info: Graphics extension search list:
(grfext)             [.png,.pdf,.jpg,.mps,.jpeg,.jbig2,.jb2,.PNG,.PDF,.JPG,.JPE
G,.JBIG2,.JB2,.eps]
(grfext)             \AppendGraphicsExtensions on input line 452.

(/usr/share/texlive/texmf-dist/tex/latex/latexconfig/epstopdf-sys.cfg
File: epstopdf-sys.cfg 2010/07/13 v1.3 Configuration of (r)epstopdf for TeX Liv
e
))
\AtBeginShipoutBox=\box29
Package hyperref Info: Link coloring OFF on input line 79.

(/usr/share/texlive/texmf-dist/tex/latex/hyperref/nameref.sty
Package: nameref 2012/10/27 v2.43 Cross-referencing by name of section

(/usr/share/texlive/texmf-dist/tex/generic/oberdiek/gettitlestring.sty
Package: gettitlestring 2010/12/03 v1.4 Cleanup title references (HO)
)
\c@section@level=\count117
)
LaTeX Info: Redefining \ref on input line 79.
LaTeX Info: Redefining \pageref on input line 79.
LaTeX Info: Redefining \nameref on input line 79.

(./Lanphere_GxE.out) (./Lanphere_GxE.out)
\@outlinefile=\write3
\openout3 = `Lanphere_GxE.out'.

LaTeX Font Info:    Try loading font information for OML+zplm on input line 82.


(/usr/share/texlive/texmf-dist/tex/latex/psnfss/omlzplm.fd
File: omlzplm.fd 2002/09/08 Fontinst v1.914 font definitions for OML/zplm.
)
LaTeX Font Info:    Try loading font information for OMS+zplm on input line 82.


(/usr/share/texlive/texmf-dist/tex/latex/psnfss/omszplm.fd
File: omszplm.fd 2002/09/08 Fontinst v1.914 font definitions for OMS/zplm.
)
LaTeX Font Info:    Try loading font information for OMX+zplm on input line 82.


(/usr/share/texlive/texmf-dist/tex/latex/psnfss/omxzplm.fd
File: omxzplm.fd 2002/09/08 Fontinst v1.914 font definitions for OMX/zplm.
)
LaTeX Font Info:    Try loading font information for OT1+zplm on input line 82.


(/usr/share/texlive/texmf-dist/tex/latex/psnfss/ot1zplm.fd
File: ot1zplm.fd 2002/09/08 Fontinst v1.914 font definitions for OT1/zplm.
) [1

{/var/lib/texmf/fonts/map/pdftex/updmap/pdftex.map}]
LaTeX Font Info:    Font shape `OT1/pplx/bx/n' in size <14.4> not available
(Font)              Font shape `OT1/pplx/b/n' tried instead on input line 123.
 [2] [3]
LaTeX Font Info:    Font shape `OT1/pplx/bx/n' in size <10.95> not available
(Font)              Font shape `OT1/pplx/b/n' tried instead on input line 170.


Package natbib Warning: Citation `Fritz_1988' on page 4 undefined on input line
 170.


Package natbib Warning: Citation `Lamit_2016' on page 4 undefined on input line
 170.


Package natbib Warning: Citation `Maddox_1990' on page 4 undefined on input lin
e 170.


Package natbib Warning: Citation `antonovics1992toward' on page 4 undefined on 
input line 170.


Package natbib Warning: Citation `Whitham_2006' on page 4 undefined on input li
ne 172.


Package natbib Warning: Citation `Crutsinger_2014' on page 4 undefined on input
 line 173.


Package natbib Warning: Citation `antonovics1992toward' on page 4 undefined on 
input line 176.


Package natbib Warning: Citation `Whitham_2012' on page 4 undefined on input li
ne 177.


Package natbib Warning: Citation `Gratani_2014' on page 4 undefined on input li
ne 180.


Package natbib Warning: Citation `macarthur1972geographical' on page 4 undefine
d on input line 182.


Package natbib Warning: Citation `Gaston_2000' on page 4 undefined on input lin
e 182.


Package natbib Warning: Citation `wagner2016host' on page 4 undefined on input 
line 184.


Package natbib Warning: Citation `busby2014differentiating' on page 4 undefined
 on input line 184.


Package natbib Warning: Citation `tack2010spatial' on page 4 undefined on input
 line 184.


Package natbib Warning: Citation `Johnson_2005' on page 4 undefined on input li
ne 184.


Package natbib Warning: Citation `busby2014differentiating' on page 4 undefined
 on input line 184.


Package natbib Warning: Citation `tack2010overrun' on page 4 undefined on input
 line 184.


Package natbib Warning: Citation `Johnson_2005' on page 4 undefined on input li
ne 184.


Package natbib Warning: Citation `tack2010spatial' on page 4 undefined on input
 line 184.


Package natbib Warning: Citation `Agrawal_2003' on page 4 undefined on input li
ne 184.


Package natbib Warning: Citation `Abdala_Roberts_2012' on page 4 undefined on i
nput line 184.


Package natbib Warning: Citation `Johnson_2008' on page 4 undefined on input li
ne 184.


Package natbib Warning: Citation `Mooney_2008' on page 4 undefined on input lin
e 184.


Package natbib Warning: Citation `Orians_1996' on page 4 undefined on input lin
e 184.


Package natbib Warning: Citation `Barrios2016' on page 4 undefined on input lin
e 184.


Package natbib Warning: Citation `Rossi_1998' on page 4 undefined on input line
 184.


Package natbib Warning: Citation `Abdala_Roberts_2012a' on page 4 undefined on 
input line 184.


Package natbib Warning: Citation `Hersch_Green_2011' on page 4 undefined on inp
ut line 184.


Package natbib Warning: Citation `Tack_2011' on page 4 undefined on input line 
184.


Package natbib Warning: Citation `Crutsinger_2015' on page 4 undefined on input
 line 184.


Package natbib Warning: Citation `Whitham_2012' on page 4 undefined on input li
ne 208.


Package natbib Warning: Citation `Crutsinger_2008' on page 4 undefined on input
 line 212.


Package natbib Warning: Citation `Bailey_2009' on page 4 undefined on input lin
e 212.


Package natbib Warning: Citation `wagner2016host' on page 4 undefined on input 
line 212.


Package natbib Warning: Citation `Crutsinger_2014' on page 4 undefined on input
 line 213.


Package natbib Warning: Citation `Whitham_2006' on page 4 undefined on input li
ne 215.


Package natbib Warning: Citation `Wardle_2004' on page 4 undefined on input lin
e 215.


Package natbib Warning: Citation `Wardle_2004' on page 4 undefined on input lin
e 218.


Package natbib Warning: Citation `Crutsinger_2014' on page 4 undefined on input
 line 220.


Package natbib Warning: Citation `Lamit_2015' on page 4 undefined on input line
 220.

[4]

Package natbib Warning: Citation `Scheiner_1993' on page 5 undefined on input l
ine 228.


Package natbib Warning: Citation `Scheiner_1993' on page 5 undefined on input l
ine 230.


Package natbib Warning: Citation `Scheiner_1984' on page 5 undefined on input l
ine 230.


Package natbib Warning: Citation `Garbutt_1987' on page 5 undefined on input li
ne 230.


Package natbib Warning: Citation `Barbour_2015' on page 5 undefined on input li
ne 233.


Package natbib Warning: Citation `Barbour_2016' on page 5 undefined on input li
ne 233.


Package natbib Warning: Citation `Agrawal_2006' on page 5 undefined on input li
ne 233.


Package natbib Warning: Citation `agrawal2005natural' on page 5 undefined on in
put line 233.


Package natbib Warning: Citation `Agrawal_2004' on page 5 undefined on input li
ne 233.


Package natbib Warning: Citation `lynch1998genetics' on page 5 undefined on inp
ut line 237.


Package natbib Warning: Citation `Barbour_2015' on page 5 undefined on input li
ne 247.


Package natbib Warning: Citation `Barbour_2016' on page 5 undefined on input li
ne 247.

[5]
LaTeX Font Info:    Font shape `OT1/pplx/bx/n' in size <12> not available
(Font)              Font shape `OT1/pplx/b/n' tried instead on input line 267.


Package natbib Warning: Citation `Pickart2013' on page 6 undefined on input lin
e 271.


Package natbib Warning: Citation `pickart2007beach' on page 6 undefined on inpu
t line 274.


Package natbib Warning: Citation `Floate_1994' on page 6 undefined on input lin
e 290.


Package natbib Warning: Citation `Mooney_2008' on page 6 undefined on input lin
e 290.


Package natbib Warning: Citation `CRUTSINGER_2005' on page 6 undefined on input
 line 295.

[6]

Package natbib Warning: Citation `Miller_1999' on page 7 undefined on input lin
e 304.


Package natbib Warning: Citation `Crutsinger_2010' on page 7 undefined on input
 line 304.


Package natbib Warning: Citation `Crutsinger_2014' on page 7 undefined on input
 line 304.


Package natbib Warning: Citation `Barbour_2015' on page 7 undefined on input li
ne 320.


Package natbib Warning: Citation `Barbour_2015' on page 7 undefined on input li
ne 321.

[7] [8]

Package natbib Warning: Citation `Barbour_2015' on page 9 undefined on input li
ne 388.


Package natbib Warning: Citation `abramoff2004image' on page 9 undefined on inp
ut line 403.


Package natbib Warning: Citation `cornelissen2003handbook' on page 9 undefined 
on input line 404.


Package natbib Warning: Citation `cornelissen2003handbook' on page 9 undefined 
on input line 405.


Package natbib Warning: Citation `cornelissen2003handbook' on page 9 undefined 
on input line 406.

[9]

Package natbib Warning: Citation `Barbour_2015' on page 10 undefined on input l
ine 422.


Package natbib Warning: Citation `Barbour_2015' on page 10 undefined on input l
ine 422.


Package natbib Warning: Citation `Erlandson_2015' on page 10 undefined on input
 line 428.


Package natbib Warning: Citation `LORTIE_2007' on page 10 undefined on input li
ne 429.

[10] [11]

Package natbib Warning: Citation `Bolker_2009' on page 12 undefined on input li
ne 467.

[12] [13]

Package natbib Warning: Citation `white1990amplification' on page 14 undefined 
on input line 543.


Package natbib Warning: Citation `smith2014sequence' on page 14 undefined on in
put line 543.


Package natbib Warning: Citation `Caporaso_2012' on page 14 undefined on input 
line 544.


Package natbib Warning: Citation `Edgar_2013' on page 14 undefined on input lin
e 554.


Package natbib Warning: Citation `reddy2014genomes' on page 14 undefined on inp
ut line 557.


Package natbib Warning: Citation `koljalg2005unite' on page 14 undefined on inp
ut line 558.


Package natbib Warning: Citation `Caporaso_2010' on page 14 undefined on input 
line 559.


Package natbib Warning: Citation `wang2007naive' on page 14 undefined on input 
line 559.

[14]

Package natbib Warning: Citation `Legendre_2001' on page 15 undefined on input 
line 599.


Package natbib Warning: Citation `Legendre_2001' on page 15 undefined on input 
line 606.

[15]

Package natbib Warning: Citation `Johnson_2005' on page 16 undefined on input l
ine 628.


Package natbib Warning: Citation `Hersch_Green_2011' on page 16 undefined on in
put line 628.


Package natbib Warning: Citation `Peres_Neto_2006' on page 16 undefined on inpu
t line 632.


Package natbib Warning: Citation `Lefcheck_2015' on page 16 undefined on input 
line 661.


Package natbib Warning: Citation `josse2012handling' on page 16 undefined on in
put line 679.

[16]

Package natbib Warning: Citation `Nakagawa_2012' on page 17 undefined on input 
line 691.


Package natbib Warning: Citation `shipley2000new' on page 17 undefined on input
 line 695.

LaTeX Font Info:    Try loading font information for OML+pplx on input line 704
.
LaTeX Font Info:    No file OMLpplx.fd. on input line 704.

LaTeX Font Warning: Font shape `OML/pplx/m/n' undefined
(Font)              using `OML/cmm/m/it' instead
(Font)              for symbol `textless' on input line 704.


Package natbib Warning: Citation `Barbour_2015' on page 17 undefined on input l
ine 707.


Package natbib Warning: Citation `Barbour_2015' on page 17 undefined on input l
ine 707.


Package natbib Warning: Citation `R2016' on page 17 undefined on input line 707
.

[17] [18] [19] [20] [21] [22] [23] [24]

Package natbib Warning: Citation `Barbour_2015' on page 25 undefined on input l
ine 1003.


Package natbib Warning: Citation `johnson2009heritability' on page 25 undefined
 on input line 1003.


Package natbib Warning: Citation `geber2003inheritance' on page 25 undefined on
 input line 1003.


Package natbib Warning: Citation `Barbour_2015' on page 25 undefined on input l
ine 1003.


Package natbib Warning: Citation `agrawal2005natural' on page 25 undefined on i
nput line 1003.

[25]

Package natbib Warning: Citation `Johnson_2008' on page 26 undefined on input l
ine 1015.


Package natbib Warning: Citation `McGuire2007' on page 26 undefined on input li
ne 1015.


Package natbib Warning: Citation `Fritz1986' on page 26 undefined on input line
 1015.


Package natbib Warning: Citation `Cronin2001' on page 26 undefined on input lin
e 1015.


Package natbib Warning: Citation `Abdala_Roberts_2012' on page 26 undefined on 
input line 1015.


Package natbib Warning: Citation `Mooney_2008' on page 26 undefined on input li
ne 1015.


Package natbib Warning: Citation `Johnson_2008' on page 26 undefined on input l
ine 1015.

[26]

Package natbib Warning: Citation `Miller_1999' on page 27 undefined on input li
ne 1017.


Package natbib Warning: Citation `Crutsinger_2010' on page 27 undefined on inpu
t line 1017.


Package natbib Warning: Citation `Crutsinger_2014' on page 27 undefined on inpu
t line 1017.


Package natbib Warning: Citation `Crutsinger_2014' on page 27 undefined on inpu
t line 1017.


Package natbib Warning: Citation `Abdala_Roberts_2012' on page 27 undefined on 
input line 1017.


Package natbib Warning: Citation `Orians_1996' on page 27 undefined on input li
ne 1017.


Package natbib Warning: Citation `Rossi_1998' on page 27 undefined on input lin
e 1017.


Package natbib Warning: Citation `Barrios2016' on page 27 undefined on input li
ne 1017.


Package natbib Warning: Citation `Abdala_Roberts_2012' on page 27 undefined on 
input line 1017.


Package natbib Warning: Citation `Barrios2016' on page 27 undefined on input li
ne 1017.


Package natbib Warning: Citation `Orians_1996' on page 27 undefined on input li
ne 1017.


Package natbib Warning: Citation `Rossi_1998' on page 27 undefined on input lin
e 1017.

[27]

Package natbib Warning: Citation `wagner2016host' on page 28 undefined on input
 line 1021.


Package natbib Warning: Citation `wagner2016host' on page 28 undefined on input
 line 1023.


Package natbib Warning: Citation `Lamit_2015' on page 28 undefined on input lin
e 1023.


Package natbib Warning: Citation `Crutsinger_2014' on page 28 undefined on inpu
t line 1023.


Package natbib Warning: Citation `Barbour_2015' on page 28 undefined on input l
ine 1074.


Package natbib Warning: Citation `Johnson_2005' on page 28 undefined on input l
ine 1074.


Package natbib Warning: Citation `Crutsinger_2014' on page 28 undefined on inpu
t line 1074.


Package natbib Warning: Citation `Crutsinger_2014' on page 28 undefined on inpu
t line 1074.

[28]

Package natbib Warning: Citation `fierer2006diversity' on page 29 undefined on 
input line 1078.


Package natbib Warning: Citation `kaplan2008constitutive' on page 29 undefined 
on input line 1078.

[29] [30] [31]
No file Lanphere_GxE.bbl.
[32] [33] <figures/image03.png, id=260, 1939.245pt x 2509.375pt>
File: figures/image03.png Graphic file (type png)

<use figures/image03.png>
Package pdftex.def Info: figures/image03.png used on input line 1294.
(pdftex.def)             Requested size: 310.28554pt x 401.50821pt.


LaTeX Warning: Float too large for page by 25.3662pt on input line 1317.

<figures/fig_2.png, id=265, 614.295pt x 614.295pt>
File: figures/fig_2.png Graphic file (type png)
 <use figures/fig_2.png>
Package pdftex.def Info: figures/fig_2.png used on input line 1321.
(pdftex.def)             Requested size: 399.287pt x 399.287pt.

<figures/image04.png, id=270, 1027.84pt x 770.88pt>
File: figures/image04.png Graphic file (type png)
 <use figures/image04.png>
Package pdftex.def Info: figures/image04.png used on input line 1348.
(pdftex.def)             Requested size: 462.52373pt x 346.89279pt.

<figures/image05.png, id=272, 1027.84pt x 770.88pt>
File: figures/image05.png Graphic file (type png)
 <use figures/image05.png>
Package pdftex.def Info: figures/image05.png used on input line 1368.
(pdftex.def)             Requested size: 462.52373pt x 346.89279pt.

[34] [35 <./figures/image03.png>] [36 <./figures/fig_2.png>] [37 <./figures/ima
ge04.png>] [38 <./figures/image05.png>]pdfTeX warning (ext4): destination with 
the same identifier (name{table.1}) has been already used, duplicate ignored
<to be read again> 
                   \relax 
l.1422 traits.}
               pdfTeX warning (ext4): destination with the same identifier (nam
e{table.1}) has been already used, duplicate ignored
<to be read again> 
                   \relax 
l.1422 traits.}
               
LaTeX Font Info:    Font shape `OT1/pplx/bx/n' in size <9> not available
(Font)              Font shape `OT1/pplx/b/n' tried instead on input line 1444.


Overfull \hbox (21.61494pt too wide) in paragraph at lines 1484--1497
 [][] 
 []


Overfull \hbox (28.39221pt too wide) in paragraph at lines 1548--1565
 [][] 
 []


Package natbib Warning: There were undefined citations.

Package atveryend Info: Empty hook `BeforeClearDocument' on input line 1708.
[39] [40] [41] [42] [43] [44] [45] [46] [47]
Package atveryend Info: Empty hook `AfterLastShipout' on input line 1708.
 (./Lanphere_GxE.aux)
Package atveryend Info: Executing hook `AtVeryEndDocument' on input line 1708.
Package atveryend Info: Executing hook `AtEndAfterFileList' on input line 1708.

Package rerunfilecheck Info: File `Lanphere_GxE.out' has not changed.
(rerunfilecheck)             Checksum: D41D8CD98F00B204E9800998ECF8427E;0.


LaTeX Font Warning: Some font shapes were not available, defaults substituted.

Package atveryend Info: Empty hook `AtVeryVeryEnd' on input line 1708.
 ) 
Here is how much of TeX's memory you used:
 6565 strings out of 493029
 93909 string characters out of 6136235
 226729 words of memory out of 5000000
 9876 multiletter control sequences out of 15000+600000
 37033 words of font info for 95 fonts, out of 8000000 for 9000
 1141 hyphenation exceptions out of 8191
 29i,14n,32p,2022b,419s stack positions out of 5000i,500n,10000p,200000b,80000s
{/usr/share/texlive/texmf-dist/fonts/enc/dvips/base/8r.enc}</usr/share/texliv
e/texmf-dist/fonts/type1/public/amsfonts/cm/cmmi10.pfb></usr/share/texlive/texm
f-dist/fonts/type1/public/amsfonts/cm/cmmi9.pfb></usr/share/texlive/texmf-dist/
fonts/type1/public/amsfonts/cm/cmr10.pfb></usr/share/texlive/texmf-dist/fonts/t
ype1/public/amsfonts/cm/cmss8.pfb></usr/share/texlive/texmf-dist/fonts/type1/pu
blic/amsfonts/cm/cmsy10.pfb></usr/share/texlive/texmf-dist/fonts/type1/public/m
athpazo/fplmri.pfb></usr/share/texlive/texmf-dist/fonts/type1/urw/palatino/uplb
8a.pfb></usr/share/texlive/texmf-dist/fonts/type1/urw/palatino/uplr8a.pfb></usr
/share/texlive/texmf-dist/fonts/type1/urw/palatino/uplri8a.pfb>
Output written on Lanphere_GxE.pdf (47 pages, 720049 bytes).
PDF statistics:
 395 PDF objects out of 1000 (max. 8388607)
 321 compressed objects within 4 object streams
 102 named destinations out of 1000 (max. 500000)
 21 words of extra memory for PDF output out of 10000 (max. 10000000)

